<?xml version="1.0" encoding="UTF-8"?>
<!-- Generated by org.testng.reporters.JUnitXMLReporter -->
<testsuite ignored="1" hostname="DESKTOP-0P0EEEV" failures="0" tests="5" name="Default test" time="0.22" errors="0" timestamp="2021-07-26T16:46:03 IST">
  <testcase classname="testng.Test2" name="status" time="0.031"/>
  <testcase classname="testng.Test2" name="status" time="0.003"/>
  <testcase classname="testng.Test2" name="status" time="0.006"/>
  <testcase classname="testng.Test2" name="calls" time="0.004"/>
  <testcase classname="testng.Test2" name="calls" time="0.004"/>
  <testcase classname="testng.Test2" name="chats" time="0.0">
    <ignored/>
  </testcase> <!-- chats -->
</testsuite> <!-- Default test -->
