<?xml version="1.0" encoding="UTF-8"?>
<testng-results ignored="1" total="6" passed="5" failed="0" skipped="0">
  <reporter-output>
    <line>
      <![CDATA[status]]>
    </line>
    <line>
      <![CDATA[status]]>
    </line>
    <line>
      <![CDATA[status]]>
    </line>
    <line>
      <![CDATA[calls]]>
    </line>
    <line>
      <![CDATA[calls]]>
    </line>
  </reporter-output>
  <suite started-at="2021-07-26T16:46:02 IST" name="Default suite" finished-at="2021-07-26T16:46:03 IST" duration-ms="220">
    <groups>
    </groups>
    <test started-at="2021-07-26T16:46:02 IST" name="Default test" finished-at="2021-07-26T16:46:03 IST" duration-ms="220">
      <class name="testng.Test2">
        <test-method signature="status()[pri:-1, instance:testng.Test2@71b1176b]" started-at="2021-07-26T16:46:02 IST" name="status" finished-at="2021-07-26T16:46:02 IST" duration-ms="31" status="PASS">
          <reporter-output>
            <line>
              <![CDATA[status]]>
            </line>
          </reporter-output>
        </test-method> <!-- status -->
        <test-method signature="status()[pri:-1, instance:testng.Test2@71b1176b]" started-at="2021-07-26T16:46:02 IST" name="status" finished-at="2021-07-26T16:46:02 IST" duration-ms="3" status="PASS">
          <reporter-output>
            <line>
              <![CDATA[status]]>
            </line>
          </reporter-output>
        </test-method> <!-- status -->
        <test-method signature="status()[pri:-1, instance:testng.Test2@71b1176b]" started-at="2021-07-26T16:46:02 IST" name="status" finished-at="2021-07-26T16:46:02 IST" duration-ms="6" status="PASS">
          <reporter-output>
            <line>
              <![CDATA[status]]>
            </line>
          </reporter-output>
        </test-method> <!-- status -->
        <test-method signature="calls()[pri:1, instance:testng.Test2@71b1176b]" started-at="2021-07-26T16:46:03 IST" name="calls" finished-at="2021-07-26T16:46:03 IST" duration-ms="4" status="PASS">
          <reporter-output>
            <line>
              <![CDATA[calls]]>
            </line>
          </reporter-output>
        </test-method> <!-- calls -->
        <test-method signature="calls()[pri:1, instance:testng.Test2@71b1176b]" started-at="2021-07-26T16:46:03 IST" name="calls" finished-at="2021-07-26T16:46:03 IST" duration-ms="4" status="PASS">
          <reporter-output>
            <line>
              <![CDATA[calls]]>
            </line>
          </reporter-output>
        </test-method> <!-- calls -->
      </class> <!-- testng.Test2 -->
    </test> <!-- Default test -->
  </suite> <!-- Default suite -->
</testng-results>
