<?xml version="1.0" encoding="UTF-8"?>
<!-- Generated by org.testng.reporters.JUnitReportReporter -->
<testsuite hostname="DESKTOP-0P0EEEV" failures="0" tests="1" name="testng.Testcase1" time="45.491" errors="0" timestamp="2021-07-23T19:09:21 IST" skipped="0">
  <testcase classname="testng.Testcase1" name="login" time="45.491"/>
  <system-out>
    <![CDATA[Facebook – log in or sign up
https://en-gb.facebook.com/login/?privacy_mutation_token=eyJ0eXBlIjowLCJjcmVhdGlvbl90aW1lIjoxNjI3MDQ3NDExLCJjYWxsc2l0ZV9pZCI6MzgxMjI5MDc5NTc1OTQ2fQ%3D%3D]]>
  </system-out>
</testsuite> <!-- testng.Testcase1 -->
